[2019-02-26 12:51:02.541] [exthost] [info] extension host started
[2019-02-26 12:51:02.578] [exthost] [info] ExtensionService#_doActivateExtension vscode.debug-auto-launch {"startup":true,"activationEvent":"*"}
[2019-02-26 12:51:02.578] [exthost] [info] ExtensionService#loadCommonJSModule /usr/share/code/resources/app/extensions/debug-auto-launch/dist/extension
[2019-02-26 12:51:02.583] [exthost] [info] ExtensionService#_doActivateExtension vscode.emmet {"startup":true,"activationEvent":"*"}
[2019-02-26 12:51:02.584] [exthost] [info] ExtensionService#loadCommonJSModule /usr/share/code/resources/app/extensions/emmet/dist/extension
[2019-02-26 12:51:02.615] [exthost] [info] ExtensionService#_doActivateExtension vscode.git {"startup":true,"activationEvent":"*"}
[2019-02-26 12:51:02.615] [exthost] [info] ExtensionService#loadCommonJSModule /usr/share/code/resources/app/extensions/git/dist/main
[2019-02-26 12:51:02.800] [exthost] [info] ExtensionService#_doActivateExtension vscode.merge-conflict {"startup":true,"activationEvent":"*"}
[2019-02-26 12:51:02.800] [exthost] [info] ExtensionService#loadCommonJSModule /usr/share/code/resources/app/extensions/merge-conflict/dist/extension
[2019-02-26 12:51:03.446] [exthost] [info] eager extensions activated
[2019-02-26 12:51:08.574] [exthost] [info] ExtensionService#_doActivateExtension PeterJausovec.vscode-docker {"startup":false,"activationEvent":"onLanguage:yaml"}
[2019-02-26 12:51:08.574] [exthost] [info] ExtensionService#loadCommonJSModule /root/.vscode/extensions/peterjausovec.vscode-docker-0.5.2/entrypoint
[2019-02-26 12:58:38.937] [exthost] [info] ExtensionService#_doActivateExtension vscode.configuration-editing {"startup":false,"activationEvent":"onLanguage:json"}
[2019-02-26 12:58:38.937] [exthost] [info] ExtensionService#loadCommonJSModule /usr/share/code/resources/app/extensions/configuration-editing/dist/extension
[2019-02-26 12:58:38.958] [exthost] [info] ExtensionService#_doActivateExtension vscode.extension-editing {"startup":false,"activationEvent":"onLanguage:json"}
[2019-02-26 12:58:38.958] [exthost] [info] ExtensionService#loadCommonJSModule /usr/share/code/resources/app/extensions/extension-editing/dist/extension
[2019-02-26 12:58:39.112] [exthost] [info] ExtensionService#_doActivateExtension vscode.json-language-features {"startup":false,"activationEvent":"onLanguage:json"}
[2019-02-26 12:58:39.112] [exthost] [info] ExtensionService#loadCommonJSModule /usr/share/code/resources/app/extensions/json-language-features/client/dist/jsonMain
[2019-02-26 12:58:39.321] [exthost] [info] ExtensionService#_doActivateExtension vscode.npm {"startup":false,"activationEvent":"onLanguage:json"}
[2019-02-26 12:58:39.321] [exthost] [info] ExtensionService#loadCommonJSModule /usr/share/code/resources/app/extensions/npm/dist/main
[2019-02-26 12:59:42.818] [exthost] [info] ExtensionService#_doActivateExtension vscode.markdown-language-features {"startup":false,"activationEvent":"onLanguage:markdown"}
[2019-02-26 12:59:42.819] [exthost] [info] ExtensionService#loadCommonJSModule /usr/share/code/resources/app/extensions/markdown-language-features/dist/extension
[2019-02-26 14:51:14.232] [exthost] [info] ExtensionService#_doActivateExtension vscode.typescript-language-features {"startup":false,"activationEvent":"onLanguage:jsonc"}
[2019-02-26 14:51:14.232] [exthost] [info] ExtensionService#loadCommonJSModule /usr/share/code/resources/app/extensions/typescript-language-features/dist/extension
